2025-11-18 19:28:17,904 INFO o.a.j.u.JMeterUtils: Setting Locale to en_EN
2025-11-18 19:28:17,921 INFO o.a.j.JMeter: Loading user properties from: C:\Tools\apache-jmeter-5.6.3\bin\user.properties
2025-11-18 19:28:17,921 INFO o.a.j.JMeter: Loading system properties from: C:\Tools\apache-jmeter-5.6.3\bin\system.properties
2025-11-18 19:28:17,921 INFO o.a.j.JMeter: Loading additional properties from: backend/tests/jmeter/props/local.properties
2025-11-18 19:28:17,930 INFO o.a.j.JMeter: Copyright (c) 1998-2024 The Apache Software Foundation
2025-11-18 19:28:17,930 INFO o.a.j.JMeter: Version 5.6.3
2025-11-18 19:28:17,930 INFO o.a.j.JMeter: java.version=24.0.2
2025-11-18 19:28:17,930 INFO o.a.j.JMeter: java.vm.name=Java HotSpot(TM) 64-Bit Server VM
2025-11-18 19:28:17,930 INFO o.a.j.JMeter: os.name=Windows 11
2025-11-18 19:28:17,930 INFO o.a.j.JMeter: os.arch=amd64
2025-11-18 19:28:17,930 INFO o.a.j.JMeter: os.version=10.0
2025-11-18 19:28:17,930 INFO o.a.j.JMeter: file.encoding=UTF-8
2025-11-18 19:28:17,930 INFO o.a.j.JMeter: java.awt.headless=true
2025-11-18 19:28:17,930 INFO o.a.j.JMeter: Max memory     =1073741824
2025-11-18 19:28:17,930 INFO o.a.j.JMeter: Available Processors =12
2025-11-18 19:28:17,942 INFO o.a.j.JMeter: Default Locale=English (EN)
2025-11-18 19:28:17,942 INFO o.a.j.JMeter: JMeter  Locale=English (EN)
2025-11-18 19:28:17,942 INFO o.a.j.JMeter: JMeterHome=C:\Tools\apache-jmeter-5.6.3
2025-11-18 19:28:17,942 INFO o.a.j.JMeter: user.dir  =C:\Users\Administrador\Documents\teste-software-univas
2025-11-18 19:28:17,943 INFO o.a.j.JMeter: PWD       =C:\Users\Administrador\Documents\teste-software-univas
2025-11-18 19:28:17,944 INFO o.a.j.JMeter: IP: 192.168.191.95 Name: UNI-LABF-7359 FullName: UNI-LABF-7359.fuvs.br
2025-11-18 19:28:17,954 INFO o.a.j.JMeter: Setting property 'jmeter.reportgenerator.outputdir' to:'C:\Users\Administrador\Documents\teste-software-univas\backend\tests\jmeter\reports\smoke'
2025-11-18 19:28:17,956 INFO o.a.j.s.FileServer: Default base='C:\Users\Administrador\Documents\teste-software-univas'
2025-11-18 19:28:17,956 INFO o.a.j.s.FileServer: Set new base='C:\Users\Administrador\Documents\teste-software-univas\backend\tests\jmeter\plans'
2025-11-18 19:28:18,280 INFO o.a.j.s.SaveService: Testplan (JMX) version: 2.2. Testlog (JTL) version: 2.2
2025-11-18 19:28:18,315 INFO o.a.j.s.SaveService: Using SaveService properties version 5.0
2025-11-18 19:28:18,317 INFO o.a.j.s.SaveService: Using SaveService properties file encoding UTF-8
2025-11-18 19:28:18,320 INFO o.a.j.s.SaveService: Loading file: backend\tests\jmeter\plans\smoke.jmx
2025-11-18 19:28:18,375 INFO o.a.j.p.h.s.HTTPSamplerBase: Parser for text/html is org.apache.jmeter.protocol.http.parser.LagartoBasedHtmlParser
2025-11-18 19:28:18,375 INFO o.a.j.p.h.s.HTTPSamplerBase: Parser for application/xhtml+xml is org.apache.jmeter.protocol.http.parser.LagartoBasedHtmlParser
2025-11-18 19:28:18,375 INFO o.a.j.p.h.s.HTTPSamplerBase: Parser for application/xml is org.apache.jmeter.protocol.http.parser.LagartoBasedHtmlParser
2025-11-18 19:28:18,375 INFO o.a.j.p.h.s.HTTPSamplerBase: Parser for text/xml is org.apache.jmeter.protocol.http.parser.LagartoBasedHtmlParser
2025-11-18 19:28:18,376 INFO o.a.j.p.h.s.HTTPSamplerBase: Parser for text/vnd.wap.wml is org.apache.jmeter.protocol.http.parser.RegexpHTMLParser
2025-11-18 19:28:18,376 INFO o.a.j.p.h.s.HTTPSamplerBase: Parser for text/css is org.apache.jmeter.protocol.http.parser.CssParser
2025-11-18 19:28:18,407 INFO o.a.j.JMeter: Creating summariser <summary>
2025-11-18 19:28:18,410 INFO o.a.j.r.d.ReportGenerator: ReportGenerator will use for Parsing the separator: ','
2025-11-18 19:28:18,410 INFO o.a.j.r.d.ReportGenerator: Will generate report at end of test from  results file: backend/tests/jmeter/results/smoke.jtl
2025-11-18 19:28:18,410 INFO o.a.j.r.d.ReportGenerator: Reading report generator properties from: C:\Tools\apache-jmeter-5.6.3\bin\reportgenerator.properties
2025-11-18 19:28:18,411 INFO o.a.j.r.d.ReportGenerator: Merging with JMeter properties
2025-11-18 19:28:18,415 INFO o.a.j.r.c.ReportGeneratorConfiguration: Property 'jmeter.reportgenerator.temp_dir' not found, using default value 'temp' instead.
2025-11-18 19:28:18,418 INFO o.a.j.r.c.ReportGeneratorConfiguration: Property 'jmeter.reportgenerator.apdex_per_transaction' not found, using default value 'null' instead.
2025-11-18 19:28:18,418 INFO o.a.j.r.c.ReportGeneratorConfiguration: apdex_per_transaction is empty, not APDEX per transaction customization
2025-11-18 19:28:18,418 INFO o.a.j.r.c.ReportGeneratorConfiguration: Property 'jmeter.reportgenerator.sample_filter' not found, using default value 'null' instead.
2025-11-18 19:28:18,418 INFO o.a.j.r.c.ReportGeneratorConfiguration: Property 'jmeter.reportgenerator.report_title' not found, using default value 'null' instead.
2025-11-18 19:28:18,418 INFO o.a.j.r.c.ReportGeneratorConfiguration: Property 'jmeter.reportgenerator.start_date' not found, using default value 'null' instead.
2025-11-18 19:28:18,418 INFO o.a.j.r.c.ReportGeneratorConfiguration: Property 'jmeter.reportgenerator.end_date' not found, using default value 'null' instead.
2025-11-18 19:28:18,418 INFO o.a.j.r.c.ReportGeneratorConfiguration: Property 'jmeter.reportgenerator.date_format' not found, using default value 'null' instead.
2025-11-18 19:28:18,418 INFO o.a.j.r.c.ReportGeneratorConfiguration: Will use date range start date: null, end date: null
2025-11-18 19:28:18,420 INFO o.a.j.r.c.ReportGeneratorConfiguration: Property 'jmeter.reportgenerator.graph.totalTPS.exclude_controllers' not found, using default value 'false' instead.
2025-11-18 19:28:18,420 INFO o.a.j.r.c.ReportGeneratorConfiguration: Property 'jmeter.reportgenerator.graph.activeThreadsOverTime.exclude_controllers' not found, using default value 'false' instead.
2025-11-18 19:28:18,422 INFO o.a.j.r.c.ReportGeneratorConfiguration: Property 'jmeter.reportgenerator.graph.timeVsThreads.exclude_controllers' not found, using default value 'false' instead.
2025-11-18 19:28:18,422 INFO o.a.j.r.c.ReportGeneratorConfiguration: Property 'jmeter.reportgenerator.graph.responseTimeDistribution.exclude_controllers' not found, using default value 'false' instead.
2025-11-18 19:28:18,422 INFO o.a.j.r.c.ReportGeneratorConfiguration: Property 'jmeter.reportgenerator.graph.transactionsPerSecond.exclude_controllers' not found, using default value 'false' instead.
2025-11-18 19:28:18,422 INFO o.a.j.r.c.ReportGeneratorConfiguration: Property 'jmeter.reportgenerator.graph.responseTimePercentiles.exclude_controllers' not found, using default value 'false' instead.
2025-11-18 19:28:18,422 INFO o.a.j.r.c.ReportGeneratorConfiguration: Property 'jmeter.reportgenerator.graph.responseTimePercentilesOverTime.exclude_controllers' not found, using default value 'false' instead.
2025-11-18 19:28:18,422 INFO o.a.j.r.c.ReportGeneratorConfiguration: Property 'jmeter.reportgenerator.graph.responseTimesOverTime.exclude_controllers' not found, using default value 'false' instead.
2025-11-18 19:28:18,423 INFO o.a.j.r.c.ReportGeneratorConfiguration: Property 'jmeter.reportgenerator.graph.connectTimeOverTime.exclude_controllers' not found, using default value 'false' instead.
2025-11-18 19:28:18,423 INFO o.a.j.r.c.ReportGeneratorConfiguration: Property 'jmeter.reportgenerator.graph.latenciesOverTime.exclude_controllers' not found, using default value 'false' instead.
2025-11-18 19:28:18,424 INFO o.a.j.r.c.ReportGeneratorConfiguration: Property 'jmeter.reportgenerator.exporter.json.filters_only_sample_series' not found, using default value 'true' instead.
2025-11-18 19:28:18,424 INFO o.a.j.r.c.ReportGeneratorConfiguration: Property 'jmeter.reportgenerator.exporter.json.series_filter' not found, using default value '' instead.
2025-11-18 19:28:18,424 INFO o.a.j.r.c.ReportGeneratorConfiguration: Property 'jmeter.reportgenerator.exporter.json.show_controllers_only' not found, using default value 'false' instead.
2025-11-18 19:28:18,424 INFO o.a.j.r.c.ReportGeneratorConfiguration: Property 'jmeter.reportgenerator.exporter.html.filters_only_sample_series' not found, using default value 'true' instead.
2025-11-18 19:28:18,424 INFO o.a.j.r.c.ReportGeneratorConfiguration: Property 'jmeter.reportgenerator.exporter.html.series_filter' not found, using default value '' instead.
2025-11-18 19:28:18,424 INFO o.a.j.r.c.ReportGeneratorConfiguration: Property 'jmeter.reportgenerator.exporter.html.show_controllers_only' not found, using default value 'false' instead.
2025-11-18 19:28:18,436 INFO o.a.j.e.StandardJMeterEngine: Running the test!
2025-11-18 19:28:18,437 INFO o.a.j.s.SampleEvent: List of sample_variables: []
2025-11-18 19:28:18,437 INFO o.a.j.s.SampleEvent: List of sample_variables: []
2025-11-18 19:28:18,446 INFO o.a.j.e.u.CompoundVariable: Note: Function class names must contain the string: '.functions.'
2025-11-18 19:28:18,446 INFO o.a.j.e.u.CompoundVariable: Note: Function class names must not contain the string: '.gui.'
2025-11-18 19:28:18,520 INFO o.a.j.JMeter: Running test (1763504898520)
2025-11-18 19:28:18,540 INFO o.a.j.e.StandardJMeterEngine: Starting ThreadGroup: 1 : API
2025-11-18 19:28:18,540 INFO o.a.j.e.StandardJMeterEngine: Starting 200 threads for group API.
2025-11-18 19:28:18,540 INFO o.a.j.e.StandardJMeterEngine: Thread will continue on error
2025-11-18 19:28:18,540 INFO o.a.j.t.ThreadGroup: Starting thread group... number=1 threads=200 ramp-up=20 delayedStart=false
2025-11-18 19:28:18,549 INFO o.a.j.t.JMeterThread: Thread started: API 1-1
2025-11-18 19:28:18,574 INFO o.a.j.p.h.s.HTTPHCAbstractImpl: Local host = UNI-LABF-7359
2025-11-18 19:28:18,591 INFO o.a.j.p.h.s.HTTPHC4Impl: HTTP request retry count = 0
2025-11-18 19:28:18,593 INFO o.a.j.s.SampleResult: Note: Sample TimeStamps are START times
2025-11-18 19:28:18,594 INFO o.a.j.s.SampleResult: sampleresult.default.encoding is set to UTF-8
2025-11-18 19:28:18,594 INFO o.a.j.s.SampleResult: sampleresult.useNanoTime=true
2025-11-18 19:28:18,594 INFO o.a.j.s.SampleResult: sampleresult.nanoThreadSleep=5000
2025-11-18 19:28:18,630 INFO o.a.j.t.ThreadGroup: Started thread group number 1
2025-11-18 19:28:18,630 INFO o.a.j.e.StandardJMeterEngine: All thread groups have been started
2025-11-18 19:28:18,648 INFO o.a.j.t.JMeterThread: Thread started: API 1-2
2025-11-18 19:28:18,746 INFO o.a.j.t.JMeterThread: Thread started: API 1-3
2025-11-18 19:28:18,835 INFO o.a.j.t.JMeterThread: Thread is done: API 1-2
2025-11-18 19:28:18,835 INFO o.a.j.t.JMeterThread: Thread finished: API 1-2
2025-11-18 19:28:18,836 INFO o.a.j.t.JMeterThread: Thread is done: API 1-1
2025-11-18 19:28:18,836 INFO o.a.j.t.JMeterThread: Thread finished: API 1-1
2025-11-18 19:28:18,836 INFO o.a.j.t.JMeterThread: Thread is done: API 1-3
2025-11-18 19:28:18,836 INFO o.a.j.t.JMeterThread: Thread finished: API 1-3
2025-11-18 19:28:18,846 INFO o.a.j.t.JMeterThread: Thread started: API 1-4
2025-11-18 19:28:18,857 INFO o.a.j.t.JMeterThread: Thread is done: API 1-4
2025-11-18 19:28:18,857 INFO o.a.j.t.JMeterThread: Thread finished: API 1-4
2025-11-18 19:28:18,946 INFO o.a.j.t.JMeterThread: Thread started: API 1-5
2025-11-18 19:28:18,968 INFO o.a.j.t.JMeterThread: Thread is done: API 1-5
2025-11-18 19:28:18,968 INFO o.a.j.t.JMeterThread: Thread finished: API 1-5
2025-11-18 19:28:19,045 INFO o.a.j.t.JMeterThread: Thread started: API 1-6
2025-11-18 19:28:19,062 INFO o.a.j.t.JMeterThread: Thread is done: API 1-6
2025-11-18 19:28:19,063 INFO o.a.j.t.JMeterThread: Thread finished: API 1-6
2025-11-18 19:28:19,164 INFO o.a.j.t.JMeterThread: Thread started: API 1-7
2025-11-18 19:28:19,178 INFO o.a.j.t.JMeterThread: Thread is done: API 1-7
2025-11-18 19:28:19,178 INFO o.a.j.t.JMeterThread: Thread finished: API 1-7
2025-11-18 19:28:19,245 INFO o.a.j.t.JMeterThread: Thread started: API 1-8
2025-11-18 19:28:19,261 INFO o.a.j.t.JMeterThread: Thread is done: API 1-8
2025-11-18 19:28:19,261 INFO o.a.j.t.JMeterThread: Thread finished: API 1-8
2025-11-18 19:28:19,343 INFO o.a.j.t.JMeterThread: Thread started: API 1-9
2025-11-18 19:28:19,351 INFO o.a.j.t.JMeterThread: Thread is done: API 1-9
2025-11-18 19:28:19,351 INFO o.a.j.t.JMeterThread: Thread finished: API 1-9
2025-11-18 19:28:19,442 INFO o.a.j.t.JMeterThread: Thread started: API 1-10
2025-11-18 19:28:19,452 INFO o.a.j.t.JMeterThread: Thread is done: API 1-10
2025-11-18 19:28:19,453 INFO o.a.j.t.JMeterThread: Thread finished: API 1-10
2025-11-18 19:28:19,543 INFO o.a.j.t.JMeterThread: Thread started: API 1-11
2025-11-18 19:28:19,564 INFO o.a.j.t.JMeterThread: Thread is done: API 1-11
2025-11-18 19:28:19,564 INFO o.a.j.t.JMeterThread: Thread finished: API 1-11
2025-11-18 19:28:19,643 INFO o.a.j.t.JMeterThread: Thread started: API 1-12
2025-11-18 19:28:19,662 INFO o.a.j.t.JMeterThread: Thread is done: API 1-12
2025-11-18 19:28:19,662 INFO o.a.j.t.JMeterThread: Thread finished: API 1-12
2025-11-18 19:28:19,740 INFO o.a.j.t.JMeterThread: Thread started: API 1-13
2025-11-18 19:28:19,748 INFO o.a.j.t.JMeterThread: Thread is done: API 1-13
2025-11-18 19:28:19,748 INFO o.a.j.t.JMeterThread: Thread finished: API 1-13
2025-11-18 19:28:19,842 INFO o.a.j.t.JMeterThread: Thread started: API 1-14
2025-11-18 19:28:19,850 INFO o.a.j.t.JMeterThread: Thread is done: API 1-14
2025-11-18 19:28:19,850 INFO o.a.j.t.JMeterThread: Thread finished: API 1-14
2025-11-18 19:28:19,942 INFO o.a.j.t.JMeterThread: Thread started: API 1-15
2025-11-18 19:28:19,953 INFO o.a.j.t.JMeterThread: Thread is done: API 1-15
2025-11-18 19:28:19,953 INFO o.a.j.t.JMeterThread: Thread finished: API 1-15
2025-11-18 19:28:20,043 INFO o.a.j.t.JMeterThread: Thread started: API 1-16
2025-11-18 19:28:20,054 INFO o.a.j.t.JMeterThread: Thread is done: API 1-16
2025-11-18 19:28:20,054 INFO o.a.j.t.JMeterThread: Thread finished: API 1-16
2025-11-18 19:28:20,141 INFO o.a.j.t.JMeterThread: Thread started: API 1-17
2025-11-18 19:28:20,155 INFO o.a.j.t.JMeterThread: Thread is done: API 1-17
2025-11-18 19:28:20,155 INFO o.a.j.t.JMeterThread: Thread finished: API 1-17
2025-11-18 19:28:20,241 INFO o.a.j.t.JMeterThread: Thread started: API 1-18
2025-11-18 19:28:20,251 INFO o.a.j.t.JMeterThread: Thread is done: API 1-18
2025-11-18 19:28:20,251 INFO o.a.j.t.JMeterThread: Thread finished: API 1-18
2025-11-18 19:28:20,342 INFO o.a.j.t.JMeterThread: Thread started: API 1-19
2025-11-18 19:28:20,357 INFO o.a.j.t.JMeterThread: Thread is done: API 1-19
2025-11-18 19:28:20,357 INFO o.a.j.t.JMeterThread: Thread finished: API 1-19
2025-11-18 19:28:20,442 INFO o.a.j.t.JMeterThread: Thread started: API 1-20
2025-11-18 19:28:20,457 INFO o.a.j.t.JMeterThread: Thread is done: API 1-20
2025-11-18 19:28:20,457 INFO o.a.j.t.JMeterThread: Thread finished: API 1-20
2025-11-18 19:28:20,542 INFO o.a.j.t.JMeterThread: Thread started: API 1-21
2025-11-18 19:28:20,558 INFO o.a.j.t.JMeterThread: Thread is done: API 1-21
2025-11-18 19:28:20,558 INFO o.a.j.t.JMeterThread: Thread finished: API 1-21
2025-11-18 19:28:20,641 INFO o.a.j.t.JMeterThread: Thread started: API 1-22
2025-11-18 19:28:20,658 INFO o.a.j.t.JMeterThread: Thread is done: API 1-22
2025-11-18 19:28:20,658 INFO o.a.j.t.JMeterThread: Thread finished: API 1-22
2025-11-18 19:28:20,743 INFO o.a.j.t.JMeterThread: Thread started: API 1-23
2025-11-18 19:28:20,754 INFO o.a.j.t.JMeterThread: Thread is done: API 1-23
2025-11-18 19:28:20,755 INFO o.a.j.t.JMeterThread: Thread finished: API 1-23
2025-11-18 19:28:20,842 INFO o.a.j.t.JMeterThread: Thread started: API 1-24
2025-11-18 19:28:20,863 INFO o.a.j.t.JMeterThread: Thread is done: API 1-24
2025-11-18 19:28:20,863 INFO o.a.j.t.JMeterThread: Thread finished: API 1-24
2025-11-18 19:28:20,942 INFO o.a.j.t.JMeterThread: Thread started: API 1-25
2025-11-18 19:28:20,957 INFO o.a.j.t.JMeterThread: Thread is done: API 1-25
2025-11-18 19:28:20,958 INFO o.a.j.t.JMeterThread: Thread finished: API 1-25
2025-11-18 19:28:21,042 INFO o.a.j.t.JMeterThread: Thread started: API 1-26
2025-11-18 19:28:21,061 INFO o.a.j.t.JMeterThread: Thread is done: API 1-26
2025-11-18 19:28:21,061 INFO o.a.j.t.JMeterThread: Thread finished: API 1-26
2025-11-18 19:28:21,140 INFO o.a.j.t.JMeterThread: Thread started: API 1-27
2025-11-18 19:28:21,158 INFO o.a.j.t.JMeterThread: Thread is done: API 1-27
2025-11-18 19:28:21,158 INFO o.a.j.t.JMeterThread: Thread finished: API 1-27
2025-11-18 19:28:21,242 INFO o.a.j.t.JMeterThread: Thread started: API 1-28
2025-11-18 19:28:21,260 INFO o.a.j.t.JMeterThread: Thread is done: API 1-28
2025-11-18 19:28:21,260 INFO o.a.j.t.JMeterThread: Thread finished: API 1-28
2025-11-18 19:28:21,342 INFO o.a.j.t.JMeterThread: Thread started: API 1-29
2025-11-18 19:28:21,356 INFO o.a.j.t.JMeterThread: Thread is done: API 1-29
2025-11-18 19:28:21,356 INFO o.a.j.t.JMeterThread: Thread finished: API 1-29
2025-11-18 19:28:21,442 INFO o.a.j.t.JMeterThread: Thread started: API 1-30
2025-11-18 19:28:21,455 INFO o.a.j.t.JMeterThread: Thread is done: API 1-30
2025-11-18 19:28:21,456 INFO o.a.j.t.JMeterThread: Thread finished: API 1-30
2025-11-18 19:28:21,541 INFO o.a.j.t.JMeterThread: Thread started: API 1-31
2025-11-18 19:28:21,561 INFO o.a.j.t.JMeterThread: Thread is done: API 1-31
2025-11-18 19:28:21,562 INFO o.a.j.t.JMeterThread: Thread finished: API 1-31
2025-11-18 19:28:21,644 INFO o.a.j.t.JMeterThread: Thread started: API 1-32
2025-11-18 19:28:21,657 INFO o.a.j.t.JMeterThread: Thread is done: API 1-32
2025-11-18 19:28:21,658 INFO o.a.j.t.JMeterThread: Thread finished: API 1-32
2025-11-18 19:28:21,740 INFO o.a.j.t.JMeterThread: Thread started: API 1-33
2025-11-18 19:28:21,755 INFO o.a.j.t.JMeterThread: Thread is done: API 1-33
2025-11-18 19:28:21,755 INFO o.a.j.t.JMeterThread: Thread finished: API 1-33
2025-11-18 19:28:21,843 INFO o.a.j.t.JMeterThread: Thread started: API 1-34
2025-11-18 19:28:21,857 INFO o.a.j.t.JMeterThread: Thread is done: API 1-34
2025-11-18 19:28:21,858 INFO o.a.j.t.JMeterThread: Thread finished: API 1-34
2025-11-18 19:28:21,943 INFO o.a.j.t.JMeterThread: Thread started: API 1-35
2025-11-18 19:28:21,958 INFO o.a.j.t.JMeterThread: Thread is done: API 1-35
2025-11-18 19:28:21,958 INFO o.a.j.t.JMeterThread: Thread finished: API 1-35
2025-11-18 19:28:22,042 INFO o.a.j.t.JMeterThread: Thread started: API 1-36
2025-11-18 19:28:22,058 INFO o.a.j.t.JMeterThread: Thread is done: API 1-36
2025-11-18 19:28:22,058 INFO o.a.j.t.JMeterThread: Thread finished: API 1-36
2025-11-18 19:28:22,141 INFO o.a.j.t.JMeterThread: Thread started: API 1-37
2025-11-18 19:28:22,158 INFO o.a.j.t.JMeterThread: Thread is done: API 1-37
2025-11-18 19:28:22,158 INFO o.a.j.t.JMeterThread: Thread finished: API 1-37
2025-11-18 19:28:22,244 INFO o.a.j.t.JMeterThread: Thread started: API 1-38
2025-11-18 19:28:22,257 INFO o.a.j.t.JMeterThread: Thread is done: API 1-38
2025-11-18 19:28:22,257 INFO o.a.j.t.JMeterThread: Thread finished: API 1-38
2025-11-18 19:28:22,341 INFO o.a.j.t.JMeterThread: Thread started: API 1-39
2025-11-18 19:28:22,352 INFO o.a.j.t.JMeterThread: Thread is done: API 1-39
2025-11-18 19:28:22,352 INFO o.a.j.t.JMeterThread: Thread finished: API 1-39
2025-11-18 19:28:22,442 INFO o.a.j.t.JMeterThread: Thread started: API 1-40
2025-11-18 19:28:22,457 INFO o.a.j.t.JMeterThread: Thread is done: API 1-40
2025-11-18 19:28:22,457 INFO o.a.j.t.JMeterThread: Thread finished: API 1-40
2025-11-18 19:28:22,541 INFO o.a.j.t.JMeterThread: Thread started: API 1-41
2025-11-18 19:28:22,563 INFO o.a.j.t.JMeterThread: Thread is done: API 1-41
2025-11-18 19:28:22,563 INFO o.a.j.t.JMeterThread: Thread finished: API 1-41
2025-11-18 19:28:22,641 INFO o.a.j.t.JMeterThread: Thread started: API 1-42
2025-11-18 19:28:22,659 INFO o.a.j.t.JMeterThread: Thread is done: API 1-42
2025-11-18 19:28:22,659 INFO o.a.j.t.JMeterThread: Thread finished: API 1-42
2025-11-18 19:28:22,740 INFO o.a.j.t.JMeterThread: Thread started: API 1-43
2025-11-18 19:28:22,759 INFO o.a.j.t.JMeterThread: Thread is done: API 1-43
2025-11-18 19:28:22,759 INFO o.a.j.t.JMeterThread: Thread finished: API 1-43
2025-11-18 19:28:22,841 INFO o.a.j.t.JMeterThread: Thread started: API 1-44
2025-11-18 19:28:22,856 INFO o.a.j.t.JMeterThread: Thread is done: API 1-44
2025-11-18 19:28:22,856 INFO o.a.j.t.JMeterThread: Thread finished: API 1-44
2025-11-18 19:28:22,942 INFO o.a.j.t.JMeterThread: Thread started: API 1-45
2025-11-18 19:28:22,957 INFO o.a.j.t.JMeterThread: Thread is done: API 1-45
2025-11-18 19:28:22,957 INFO o.a.j.t.JMeterThread: Thread finished: API 1-45
2025-11-18 19:28:23,041 INFO o.a.j.t.JMeterThread: Thread started: API 1-46
2025-11-18 19:28:23,058 INFO o.a.j.t.JMeterThread: Thread is done: API 1-46
2025-11-18 19:28:23,059 INFO o.a.j.t.JMeterThread: Thread finished: API 1-46
2025-11-18 19:28:23,142 INFO o.a.j.t.JMeterThread: Thread started: API 1-47
2025-11-18 19:28:23,158 INFO o.a.j.t.JMeterThread: Thread is done: API 1-47
2025-11-18 19:28:23,158 INFO o.a.j.t.JMeterThread: Thread finished: API 1-47
2025-11-18 19:28:23,241 INFO o.a.j.t.JMeterThread: Thread started: API 1-48
2025-11-18 19:28:23,260 INFO o.a.j.t.JMeterThread: Thread is done: API 1-48
2025-11-18 19:28:23,260 INFO o.a.j.t.JMeterThread: Thread finished: API 1-48
2025-11-18 19:28:23,341 INFO o.a.j.t.JMeterThread: Thread started: API 1-49
2025-11-18 19:28:23,357 INFO o.a.j.t.JMeterThread: Thread is done: API 1-49
2025-11-18 19:28:23,358 INFO o.a.j.t.JMeterThread: Thread finished: API 1-49
2025-11-18 19:28:23,440 INFO o.a.j.t.JMeterThread: Thread started: API 1-50
2025-11-18 19:28:23,456 INFO o.a.j.t.JMeterThread: Thread is done: API 1-50
2025-11-18 19:28:23,456 INFO o.a.j.t.JMeterThread: Thread finished: API 1-50
2025-11-18 19:28:23,542 INFO o.a.j.t.JMeterThread: Thread started: API 1-51
2025-11-18 19:28:23,557 INFO o.a.j.t.JMeterThread: Thread is done: API 1-51
2025-11-18 19:28:23,557 INFO o.a.j.t.JMeterThread: Thread finished: API 1-51
2025-11-18 19:28:23,643 INFO o.a.j.t.JMeterThread: Thread started: API 1-52
2025-11-18 19:28:23,658 INFO o.a.j.t.JMeterThread: Thread is done: API 1-52
2025-11-18 19:28:23,658 INFO o.a.j.t.JMeterThread: Thread finished: API 1-52
2025-11-18 19:28:23,742 INFO o.a.j.t.JMeterThread: Thread started: API 1-53
2025-11-18 19:28:23,750 INFO o.a.j.t.JMeterThread: Thread is done: API 1-53
2025-11-18 19:28:23,750 INFO o.a.j.t.JMeterThread: Thread finished: API 1-53
2025-11-18 19:28:23,842 INFO o.a.j.t.JMeterThread: Thread started: API 1-54
2025-11-18 19:28:23,857 INFO o.a.j.t.JMeterThread: Thread is done: API 1-54
2025-11-18 19:28:23,857 INFO o.a.j.t.JMeterThread: Thread finished: API 1-54
2025-11-18 19:28:23,942 INFO o.a.j.t.JMeterThread: Thread started: API 1-55
2025-11-18 19:28:23,959 INFO o.a.j.t.JMeterThread: Thread is done: API 1-55
2025-11-18 19:28:23,959 INFO o.a.j.t.JMeterThread: Thread finished: API 1-55
2025-11-18 19:28:24,041 INFO o.a.j.t.JMeterThread: Thread started: API 1-56
2025-11-18 19:28:24,057 INFO o.a.j.t.JMeterThread: Thread is done: API 1-56
2025-11-18 19:28:24,057 INFO o.a.j.t.JMeterThread: Thread finished: API 1-56
2025-11-18 19:28:24,141 INFO o.a.j.t.JMeterThread: Thread started: API 1-57
2025-11-18 19:28:24,159 INFO o.a.j.t.JMeterThread: Thread is done: API 1-57
2025-11-18 19:28:24,159 INFO o.a.j.t.JMeterThread: Thread finished: API 1-57
2025-11-18 19:28:24,242 INFO o.a.j.t.JMeterThread: Thread started: API 1-58
2025-11-18 19:28:24,258 INFO o.a.j.t.JMeterThread: Thread is done: API 1-58
2025-11-18 19:28:24,259 INFO o.a.j.t.JMeterThread: Thread finished: API 1-58
2025-11-18 19:28:24,341 INFO o.a.j.t.JMeterThread: Thread started: API 1-59
2025-11-18 19:28:24,356 INFO o.a.j.t.JMeterThread: Thread is done: API 1-59
2025-11-18 19:28:24,357 INFO o.a.j.t.JMeterThread: Thread finished: API 1-59
2025-11-18 19:28:24,441 INFO o.a.j.t.JMeterThread: Thread started: API 1-60
2025-11-18 19:28:24,447 INFO o.a.j.t.JMeterThread: Thread is done: API 1-60
2025-11-18 19:28:24,447 INFO o.a.j.t.JMeterThread: Thread finished: API 1-60
2025-11-18 19:28:24,546 INFO o.a.j.t.JMeterThread: Thread started: API 1-61
2025-11-18 19:28:24,557 INFO o.a.j.t.JMeterThread: Thread is done: API 1-61
2025-11-18 19:28:24,558 INFO o.a.j.t.JMeterThread: Thread finished: API 1-61
2025-11-18 19:28:24,641 INFO o.a.j.t.JMeterThread: Thread started: API 1-62
2025-11-18 19:28:24,657 INFO o.a.j.t.JMeterThread: Thread is done: API 1-62
2025-11-18 19:28:24,657 INFO o.a.j.t.JMeterThread: Thread finished: API 1-62
2025-11-18 19:28:24,740 INFO o.a.j.t.JMeterThread: Thread started: API 1-63
2025-11-18 19:28:24,757 INFO o.a.j.t.JMeterThread: Thread is done: API 1-63
2025-11-18 19:28:24,757 INFO o.a.j.t.JMeterThread: Thread finished: API 1-63
2025-11-18 19:28:24,841 INFO o.a.j.t.JMeterThread: Thread started: API 1-64
2025-11-18 19:28:24,860 INFO o.a.j.t.JMeterThread: Thread is done: API 1-64
2025-11-18 19:28:24,860 INFO o.a.j.t.JMeterThread: Thread finished: API 1-64
2025-11-18 19:28:24,941 INFO o.a.j.t.JMeterThread: Thread started: API 1-65
2025-11-18 19:28:24,960 INFO o.a.j.t.JMeterThread: Thread is done: API 1-65
2025-11-18 19:28:24,960 INFO o.a.j.t.JMeterThread: Thread finished: API 1-65
2025-11-18 19:28:25,041 INFO o.a.j.t.JMeterThread: Thread started: API 1-66
2025-11-18 19:28:25,060 INFO o.a.j.t.JMeterThread: Thread is done: API 1-66
2025-11-18 19:28:25,060 INFO o.a.j.t.JMeterThread: Thread finished: API 1-66
2025-11-18 19:28:25,141 INFO o.a.j.t.JMeterThread: Thread started: API 1-67
2025-11-18 19:28:25,156 INFO o.a.j.t.JMeterThread: Thread is done: API 1-67
2025-11-18 19:28:25,156 INFO o.a.j.t.JMeterThread: Thread finished: API 1-67
2025-11-18 19:28:25,240 INFO o.a.j.t.JMeterThread: Thread started: API 1-68
2025-11-18 19:28:25,256 INFO o.a.j.t.JMeterThread: Thread is done: API 1-68
2025-11-18 19:28:25,256 INFO o.a.j.t.JMeterThread: Thread finished: API 1-68
2025-11-18 19:28:25,341 INFO o.a.j.t.JMeterThread: Thread started: API 1-69
2025-11-18 19:28:25,356 INFO o.a.j.t.JMeterThread: Thread is done: API 1-69
2025-11-18 19:28:25,356 INFO o.a.j.t.JMeterThread: Thread finished: API 1-69
2025-11-18 19:28:25,442 INFO o.a.j.t.JMeterThread: Thread started: API 1-70
2025-11-18 19:28:25,458 INFO o.a.j.t.JMeterThread: Thread is done: API 1-70
2025-11-18 19:28:25,458 INFO o.a.j.t.JMeterThread: Thread finished: API 1-70
2025-11-18 19:28:25,540 INFO o.a.j.t.JMeterThread: Thread started: API 1-71
2025-11-18 19:28:25,556 INFO o.a.j.t.JMeterThread: Thread is done: API 1-71
2025-11-18 19:28:25,556 INFO o.a.j.t.JMeterThread: Thread finished: API 1-71
2025-11-18 19:28:25,641 INFO o.a.j.t.JMeterThread: Thread started: API 1-72
2025-11-18 19:28:25,651 INFO o.a.j.t.JMeterThread: Thread is done: API 1-72
2025-11-18 19:28:25,651 INFO o.a.j.t.JMeterThread: Thread finished: API 1-72
2025-11-18 19:28:25,743 INFO o.a.j.t.JMeterThread: Thread started: API 1-73
2025-11-18 19:28:25,755 INFO o.a.j.t.JMeterThread: Thread is done: API 1-73
2025-11-18 19:28:25,755 INFO o.a.j.t.JMeterThread: Thread finished: API 1-73
2025-11-18 19:28:25,841 INFO o.a.j.t.JMeterThread: Thread started: API 1-74
2025-11-18 19:28:25,856 INFO o.a.j.t.JMeterThread: Thread is done: API 1-74
2025-11-18 19:28:25,856 INFO o.a.j.t.JMeterThread: Thread finished: API 1-74
2025-11-18 19:28:25,943 INFO o.a.j.t.JMeterThread: Thread started: API 1-75
2025-11-18 19:28:25,959 INFO o.a.j.t.JMeterThread: Thread is done: API 1-75
2025-11-18 19:28:25,959 INFO o.a.j.t.JMeterThread: Thread finished: API 1-75
2025-11-18 19:28:26,042 INFO o.a.j.t.JMeterThread: Thread started: API 1-76
2025-11-18 19:28:26,057 INFO o.a.j.t.JMeterThread: Thread is done: API 1-76
2025-11-18 19:28:26,057 INFO o.a.j.t.JMeterThread: Thread finished: API 1-76
2025-11-18 19:28:26,141 INFO o.a.j.t.JMeterThread: Thread started: API 1-77
2025-11-18 19:28:26,157 INFO o.a.j.t.JMeterThread: Thread is done: API 1-77
2025-11-18 19:28:26,157 INFO o.a.j.t.JMeterThread: Thread finished: API 1-77
2025-11-18 19:28:26,245 INFO o.a.j.t.JMeterThread: Thread started: API 1-78
2025-11-18 19:28:26,254 INFO o.a.j.t.JMeterThread: Thread is done: API 1-78
2025-11-18 19:28:26,254 INFO o.a.j.t.JMeterThread: Thread finished: API 1-78
2025-11-18 19:28:26,341 INFO o.a.j.t.JMeterThread: Thread started: API 1-79
2025-11-18 19:28:26,357 INFO o.a.j.t.JMeterThread: Thread is done: API 1-79
2025-11-18 19:28:26,357 INFO o.a.j.t.JMeterThread: Thread finished: API 1-79
2025-11-18 19:28:26,440 INFO o.a.j.t.JMeterThread: Thread started: API 1-80
2025-11-18 19:28:26,456 INFO o.a.j.t.JMeterThread: Thread is done: API 1-80
2025-11-18 19:28:26,456 INFO o.a.j.t.JMeterThread: Thread finished: API 1-80
2025-11-18 19:28:26,541 INFO o.a.j.t.JMeterThread: Thread started: API 1-81
2025-11-18 19:28:26,553 INFO o.a.j.t.JMeterThread: Thread is done: API 1-81
2025-11-18 19:28:26,554 INFO o.a.j.t.JMeterThread: Thread finished: API 1-81
2025-11-18 19:28:26,641 INFO o.a.j.t.JMeterThread: Thread started: API 1-82
2025-11-18 19:28:26,655 INFO o.a.j.t.JMeterThread: Thread is done: API 1-82
2025-11-18 19:28:26,655 INFO o.a.j.t.JMeterThread: Thread finished: API 1-82
2025-11-18 19:28:26,742 INFO o.a.j.t.JMeterThread: Thread started: API 1-83
2025-11-18 19:28:26,758 INFO o.a.j.t.JMeterThread: Thread is done: API 1-83
2025-11-18 19:28:26,758 INFO o.a.j.t.JMeterThread: Thread finished: API 1-83
2025-11-18 19:28:26,840 INFO o.a.j.t.JMeterThread: Thread started: API 1-84
2025-11-18 19:28:26,856 INFO o.a.j.t.JMeterThread: Thread is done: API 1-84
2025-11-18 19:28:26,856 INFO o.a.j.t.JMeterThread: Thread finished: API 1-84
2025-11-18 19:28:26,942 INFO o.a.j.t.JMeterThread: Thread started: API 1-85
2025-11-18 19:28:26,958 INFO o.a.j.t.JMeterThread: Thread is done: API 1-85
2025-11-18 19:28:26,958 INFO o.a.j.t.JMeterThread: Thread finished: API 1-85
2025-11-18 19:28:27,041 INFO o.a.j.t.JMeterThread: Thread started: API 1-86
2025-11-18 19:28:27,058 INFO o.a.j.t.JMeterThread: Thread is done: API 1-86
2025-11-18 19:28:27,058 INFO o.a.j.t.JMeterThread: Thread finished: API 1-86
2025-11-18 19:28:27,142 INFO o.a.j.t.JMeterThread: Thread started: API 1-87
2025-11-18 19:28:27,151 INFO o.a.j.t.JMeterThread: Thread is done: API 1-87
2025-11-18 19:28:27,151 INFO o.a.j.t.JMeterThread: Thread finished: API 1-87
2025-11-18 19:28:27,241 INFO o.a.j.t.JMeterThread: Thread started: API 1-88
2025-11-18 19:28:27,256 INFO o.a.j.t.JMeterThread: Thread is done: API 1-88
2025-11-18 19:28:27,256 INFO o.a.j.t.JMeterThread: Thread finished: API 1-88
2025-11-18 19:28:27,341 INFO o.a.j.t.JMeterThread: Thread started: API 1-89
2025-11-18 19:28:27,357 INFO o.a.j.t.JMeterThread: Thread is done: API 1-89
2025-11-18 19:28:27,357 INFO o.a.j.t.JMeterThread: Thread finished: API 1-89
2025-11-18 19:28:27,440 INFO o.a.j.t.JMeterThread: Thread started: API 1-90
2025-11-18 19:28:27,465 INFO o.a.j.t.JMeterThread: Thread is done: API 1-90
2025-11-18 19:28:27,465 INFO o.a.j.t.JMeterThread: Thread finished: API 1-90
2025-11-18 19:28:27,541 INFO o.a.j.t.JMeterThread: Thread started: API 1-91
2025-11-18 19:28:27,550 INFO o.a.j.t.JMeterThread: Thread is done: API 1-91
2025-11-18 19:28:27,550 INFO o.a.j.t.JMeterThread: Thread finished: API 1-91
2025-11-18 19:28:27,641 INFO o.a.j.t.JMeterThread: Thread started: API 1-92
2025-11-18 19:28:27,657 INFO o.a.j.t.JMeterThread: Thread is done: API 1-92
2025-11-18 19:28:27,657 INFO o.a.j.t.JMeterThread: Thread finished: API 1-92
2025-11-18 19:28:27,740 INFO o.a.j.t.JMeterThread: Thread started: API 1-93
2025-11-18 19:28:27,748 INFO o.a.j.t.JMeterThread: Thread is done: API 1-93
2025-11-18 19:28:27,748 INFO o.a.j.t.JMeterThread: Thread finished: API 1-93
2025-11-18 19:28:27,841 INFO o.a.j.t.JMeterThread: Thread started: API 1-94
2025-11-18 19:28:27,888 INFO o.a.j.t.JMeterThread: Thread is done: API 1-94
2025-11-18 19:28:27,888 INFO o.a.j.t.JMeterThread: Thread finished: API 1-94
2025-11-18 19:28:27,940 INFO o.a.j.t.JMeterThread: Thread started: API 1-95
2025-11-18 19:28:27,957 INFO o.a.j.t.JMeterThread: Thread is done: API 1-95
2025-11-18 19:28:27,957 INFO o.a.j.t.JMeterThread: Thread finished: API 1-95
2025-11-18 19:28:28,042 INFO o.a.j.t.JMeterThread: Thread started: API 1-96
2025-11-18 19:28:28,059 INFO o.a.j.t.JMeterThread: Thread is done: API 1-96
2025-11-18 19:28:28,059 INFO o.a.j.t.JMeterThread: Thread finished: API 1-96
2025-11-18 19:28:28,141 INFO o.a.j.t.JMeterThread: Thread started: API 1-97
2025-11-18 19:28:28,154 INFO o.a.j.t.JMeterThread: Thread is done: API 1-97
2025-11-18 19:28:28,154 INFO o.a.j.t.JMeterThread: Thread finished: API 1-97
2025-11-18 19:28:28,241 INFO o.a.j.t.JMeterThread: Thread started: API 1-98
2025-11-18 19:28:28,249 INFO o.a.j.t.JMeterThread: Thread is done: API 1-98
2025-11-18 19:28:28,249 INFO o.a.j.t.JMeterThread: Thread finished: API 1-98
2025-11-18 19:28:28,342 INFO o.a.j.t.JMeterThread: Thread started: API 1-99
2025-11-18 19:28:28,350 INFO o.a.j.t.JMeterThread: Thread is done: API 1-99
2025-11-18 19:28:28,350 INFO o.a.j.t.JMeterThread: Thread finished: API 1-99
2025-11-18 19:28:28,441 INFO o.a.j.t.JMeterThread: Thread started: API 1-100
2025-11-18 19:28:28,451 INFO o.a.j.t.JMeterThread: Thread is done: API 1-100
2025-11-18 19:28:28,451 INFO o.a.j.t.JMeterThread: Thread finished: API 1-100
2025-11-18 19:28:28,542 INFO o.a.j.t.JMeterThread: Thread started: API 1-101
2025-11-18 19:28:28,555 INFO o.a.j.t.JMeterThread: Thread is done: API 1-101
2025-11-18 19:28:28,555 INFO o.a.j.t.JMeterThread: Thread finished: API 1-101
2025-11-18 19:28:28,641 INFO o.a.j.t.JMeterThread: Thread started: API 1-102
2025-11-18 19:28:28,653 INFO o.a.j.t.JMeterThread: Thread is done: API 1-102
2025-11-18 19:28:28,654 INFO o.a.j.t.JMeterThread: Thread finished: API 1-102
2025-11-18 19:28:28,742 INFO o.a.j.t.JMeterThread: Thread started: API 1-103
2025-11-18 19:28:28,758 INFO o.a.j.t.JMeterThread: Thread is done: API 1-103
2025-11-18 19:28:28,758 INFO o.a.j.t.JMeterThread: Thread finished: API 1-103
2025-11-18 19:28:28,841 INFO o.a.j.t.JMeterThread: Thread started: API 1-104
2025-11-18 19:28:28,862 INFO o.a.j.t.JMeterThread: Thread is done: API 1-104
2025-11-18 19:28:28,862 INFO o.a.j.t.JMeterThread: Thread finished: API 1-104
2025-11-18 19:28:28,943 INFO o.a.j.t.JMeterThread: Thread started: API 1-105
2025-11-18 19:28:28,958 INFO o.a.j.t.JMeterThread: Thread is done: API 1-105
2025-11-18 19:28:28,958 INFO o.a.j.t.JMeterThread: Thread finished: API 1-105
2025-11-18 19:28:29,042 INFO o.a.j.t.JMeterThread: Thread started: API 1-106
2025-11-18 19:28:29,059 INFO o.a.j.t.JMeterThread: Thread is done: API 1-106
2025-11-18 19:28:29,060 INFO o.a.j.t.JMeterThread: Thread finished: API 1-106
2025-11-18 19:28:29,143 INFO o.a.j.t.JMeterThread: Thread started: API 1-107
2025-11-18 19:28:29,162 INFO o.a.j.t.JMeterThread: Thread is done: API 1-107
2025-11-18 19:28:29,162 INFO o.a.j.t.JMeterThread: Thread finished: API 1-107
2025-11-18 19:28:29,248 INFO o.a.j.t.JMeterThread: Thread started: API 1-108
2025-11-18 19:28:29,258 INFO o.a.j.t.JMeterThread: Thread is done: API 1-108
2025-11-18 19:28:29,258 INFO o.a.j.t.JMeterThread: Thread finished: API 1-108
2025-11-18 19:28:29,341 INFO o.a.j.t.JMeterThread: Thread started: API 1-109
2025-11-18 19:28:29,356 INFO o.a.j.t.JMeterThread: Thread is done: API 1-109
2025-11-18 19:28:29,356 INFO o.a.j.t.JMeterThread: Thread finished: API 1-109
2025-11-18 19:28:29,442 INFO o.a.j.t.JMeterThread: Thread started: API 1-110
2025-11-18 19:28:29,458 INFO o.a.j.t.JMeterThread: Thread is done: API 1-110
2025-11-18 19:28:29,458 INFO o.a.j.t.JMeterThread: Thread finished: API 1-110
2025-11-18 19:28:29,542 INFO o.a.j.t.JMeterThread: Thread started: API 1-111
2025-11-18 19:28:29,558 INFO o.a.j.t.JMeterThread: Thread is done: API 1-111
2025-11-18 19:28:29,558 INFO o.a.j.t.JMeterThread: Thread finished: API 1-111
2025-11-18 19:28:29,641 INFO o.a.j.t.JMeterThread: Thread started: API 1-112
2025-11-18 19:28:29,658 INFO o.a.j.t.JMeterThread: Thread is done: API 1-112
2025-11-18 19:28:29,658 INFO o.a.j.t.JMeterThread: Thread finished: API 1-112
2025-11-18 19:28:29,741 INFO o.a.j.t.JMeterThread: Thread started: API 1-113
2025-11-18 19:28:29,755 INFO o.a.j.t.JMeterThread: Thread is done: API 1-113
2025-11-18 19:28:29,755 INFO o.a.j.t.JMeterThread: Thread finished: API 1-113
2025-11-18 19:28:29,840 INFO o.a.j.t.JMeterThread: Thread started: API 1-114
2025-11-18 19:28:29,853 INFO o.a.j.t.JMeterThread: Thread is done: API 1-114
2025-11-18 19:28:29,854 INFO o.a.j.t.JMeterThread: Thread finished: API 1-114
2025-11-18 19:28:29,941 INFO o.a.j.t.JMeterThread: Thread started: API 1-115
2025-11-18 19:28:29,951 INFO o.a.j.t.JMeterThread: Thread is done: API 1-115
2025-11-18 19:28:29,951 INFO o.a.j.t.JMeterThread: Thread finished: API 1-115
2025-11-18 19:28:30,041 INFO o.a.j.t.JMeterThread: Thread started: API 1-116
2025-11-18 19:28:30,060 INFO o.a.j.r.Summariser: summary +    116 in 00:00:12 =   10.1/s Avg:    13 Min:     5 Max:   111 Err:     0 (0.00%) Active: 1 Started: 116 Finished: 115
2025-11-18 19:28:30,060 INFO o.a.j.t.JMeterThread: Thread is done: API 1-116
2025-11-18 19:28:30,060 INFO o.a.j.t.JMeterThread: Thread finished: API 1-116
2025-11-18 19:28:30,142 INFO o.a.j.t.JMeterThread: Thread started: API 1-117
2025-11-18 19:28:30,158 INFO o.a.j.t.JMeterThread: Thread is done: API 1-117
2025-11-18 19:28:30,158 INFO o.a.j.t.JMeterThread: Thread finished: API 1-117
2025-11-18 19:28:30,240 INFO o.a.j.t.JMeterThread: Thread started: API 1-118
2025-11-18 19:28:30,250 INFO o.a.j.t.JMeterThread: Thread is done: API 1-118
2025-11-18 19:28:30,250 INFO o.a.j.t.JMeterThread: Thread finished: API 1-118
2025-11-18 19:28:30,341 INFO o.a.j.t.JMeterThread: Thread started: API 1-119
2025-11-18 19:28:30,348 INFO o.a.j.t.JMeterThread: Thread is done: API 1-119
2025-11-18 19:28:30,349 INFO o.a.j.t.JMeterThread: Thread finished: API 1-119
2025-11-18 19:28:30,441 INFO o.a.j.t.JMeterThread: Thread started: API 1-120
2025-11-18 19:28:30,452 INFO o.a.j.t.JMeterThread: Thread is done: API 1-120
2025-11-18 19:28:30,452 INFO o.a.j.t.JMeterThread: Thread finished: API 1-120
2025-11-18 19:28:30,542 INFO o.a.j.t.JMeterThread: Thread started: API 1-121
2025-11-18 19:28:30,554 INFO o.a.j.t.JMeterThread: Thread is done: API 1-121
2025-11-18 19:28:30,554 INFO o.a.j.t.JMeterThread: Thread finished: API 1-121
2025-11-18 19:28:30,641 INFO o.a.j.t.JMeterThread: Thread started: API 1-122
2025-11-18 19:28:30,650 INFO o.a.j.t.JMeterThread: Thread is done: API 1-122
2025-11-18 19:28:30,650 INFO o.a.j.t.JMeterThread: Thread finished: API 1-122
2025-11-18 19:28:30,740 INFO o.a.j.t.JMeterThread: Thread started: API 1-123
2025-11-18 19:28:30,750 INFO o.a.j.t.JMeterThread: Thread is done: API 1-123
2025-11-18 19:28:30,750 INFO o.a.j.t.JMeterThread: Thread finished: API 1-123
2025-11-18 19:28:30,841 INFO o.a.j.t.JMeterThread: Thread started: API 1-124
2025-11-18 19:28:30,850 INFO o.a.j.t.JMeterThread: Thread is done: API 1-124
2025-11-18 19:28:30,850 INFO o.a.j.t.JMeterThread: Thread finished: API 1-124
2025-11-18 19:28:30,941 INFO o.a.j.t.JMeterThread: Thread started: API 1-125
2025-11-18 19:28:30,951 INFO o.a.j.t.JMeterThread: Thread is done: API 1-125
2025-11-18 19:28:30,952 INFO o.a.j.t.JMeterThread: Thread finished: API 1-125
2025-11-18 19:28:31,045 INFO o.a.j.t.JMeterThread: Thread started: API 1-126
2025-11-18 19:28:31,057 INFO o.a.j.t.JMeterThread: Thread is done: API 1-126
2025-11-18 19:28:31,058 INFO o.a.j.t.JMeterThread: Thread finished: API 1-126
2025-11-18 19:28:31,142 INFO o.a.j.t.JMeterThread: Thread started: API 1-127
2025-11-18 19:28:31,160 INFO o.a.j.t.JMeterThread: Thread is done: API 1-127
2025-11-18 19:28:31,160 INFO o.a.j.t.JMeterThread: Thread finished: API 1-127
2025-11-18 19:28:31,241 INFO o.a.j.t.JMeterThread: Thread started: API 1-128
2025-11-18 19:28:31,264 INFO o.a.j.t.JMeterThread: Thread is done: API 1-128
2025-11-18 19:28:31,265 INFO o.a.j.t.JMeterThread: Thread finished: API 1-128
2025-11-18 19:28:31,341 INFO o.a.j.t.JMeterThread: Thread started: API 1-129
2025-11-18 19:28:31,361 INFO o.a.j.t.JMeterThread: Thread is done: API 1-129
2025-11-18 19:28:31,361 INFO o.a.j.t.JMeterThread: Thread finished: API 1-129
2025-11-18 19:28:31,440 INFO o.a.j.t.JMeterThread: Thread started: API 1-130
2025-11-18 19:28:31,457 INFO o.a.j.t.JMeterThread: Thread is done: API 1-130
2025-11-18 19:28:31,457 INFO o.a.j.t.JMeterThread: Thread finished: API 1-130
2025-11-18 19:28:31,541 INFO o.a.j.t.JMeterThread: Thread started: API 1-131
2025-11-18 19:28:31,555 INFO o.a.j.t.JMeterThread: Thread is done: API 1-131
2025-11-18 19:28:31,555 INFO o.a.j.t.JMeterThread: Thread finished: API 1-131
2025-11-18 19:28:31,640 INFO o.a.j.t.JMeterThread: Thread started: API 1-132
2025-11-18 19:28:31,657 INFO o.a.j.t.JMeterThread: Thread is done: API 1-132
2025-11-18 19:28:31,657 INFO o.a.j.t.JMeterThread: Thread finished: API 1-132
2025-11-18 19:28:31,740 INFO o.a.j.t.JMeterThread: Thread started: API 1-133
2025-11-18 19:28:31,756 INFO o.a.j.t.JMeterThread: Thread is done: API 1-133
2025-11-18 19:28:31,756 INFO o.a.j.t.JMeterThread: Thread finished: API 1-133
2025-11-18 19:28:31,841 INFO o.a.j.t.JMeterThread: Thread started: API 1-134
2025-11-18 19:28:31,849 INFO o.a.j.t.JMeterThread: Thread is done: API 1-134
2025-11-18 19:28:31,849 INFO o.a.j.t.JMeterThread: Thread finished: API 1-134
2025-11-18 19:28:31,941 INFO o.a.j.t.JMeterThread: Thread started: API 1-135
2025-11-18 19:28:31,949 INFO o.a.j.t.JMeterThread: Thread is done: API 1-135
2025-11-18 19:28:31,949 INFO o.a.j.t.JMeterThread: Thread finished: API 1-135
2025-11-18 19:28:32,041 INFO o.a.j.t.JMeterThread: Thread started: API 1-136
2025-11-18 19:28:32,050 INFO o.a.j.t.JMeterThread: Thread is done: API 1-136
2025-11-18 19:28:32,051 INFO o.a.j.t.JMeterThread: Thread finished: API 1-136
2025-11-18 19:28:32,142 INFO o.a.j.t.JMeterThread: Thread started: API 1-137
2025-11-18 19:28:32,158 INFO o.a.j.t.JMeterThread: Thread is done: API 1-137
2025-11-18 19:28:32,158 INFO o.a.j.t.JMeterThread: Thread finished: API 1-137
2025-11-18 19:28:32,242 INFO o.a.j.t.JMeterThread: Thread started: API 1-138
2025-11-18 19:28:32,251 INFO o.a.j.t.JMeterThread: Thread is done: API 1-138
2025-11-18 19:28:32,251 INFO o.a.j.t.JMeterThread: Thread finished: API 1-138
2025-11-18 19:28:32,341 INFO o.a.j.t.JMeterThread: Thread started: API 1-139
2025-11-18 19:28:32,351 INFO o.a.j.t.JMeterThread: Thread is done: API 1-139
2025-11-18 19:28:32,351 INFO o.a.j.t.JMeterThread: Thread finished: API 1-139
2025-11-18 19:28:32,441 INFO o.a.j.t.JMeterThread: Thread started: API 1-140
2025-11-18 19:28:32,454 INFO o.a.j.t.JMeterThread: Thread is done: API 1-140
2025-11-18 19:28:32,454 INFO o.a.j.t.JMeterThread: Thread finished: API 1-140
2025-11-18 19:28:32,542 INFO o.a.j.t.JMeterThread: Thread started: API 1-141
2025-11-18 19:28:32,563 INFO o.a.j.t.JMeterThread: Thread is done: API 1-141
2025-11-18 19:28:32,563 INFO o.a.j.t.JMeterThread: Thread finished: API 1-141
2025-11-18 19:28:32,642 INFO o.a.j.t.JMeterThread: Thread started: API 1-142
2025-11-18 19:28:32,654 INFO o.a.j.t.JMeterThread: Thread is done: API 1-142
2025-11-18 19:28:32,654 INFO o.a.j.t.JMeterThread: Thread finished: API 1-142
2025-11-18 19:28:32,741 INFO o.a.j.t.JMeterThread: Thread started: API 1-143
2025-11-18 19:28:32,755 INFO o.a.j.t.JMeterThread: Thread is done: API 1-143
2025-11-18 19:28:32,755 INFO o.a.j.t.JMeterThread: Thread finished: API 1-143
2025-11-18 19:28:32,841 INFO o.a.j.t.JMeterThread: Thread started: API 1-144
2025-11-18 19:28:32,855 INFO o.a.j.t.JMeterThread: Thread is done: API 1-144
2025-11-18 19:28:32,856 INFO o.a.j.t.JMeterThread: Thread finished: API 1-144
2025-11-18 19:28:32,941 INFO o.a.j.t.JMeterThread: Thread started: API 1-145
2025-11-18 19:28:32,968 INFO o.a.j.t.JMeterThread: Thread is done: API 1-145
2025-11-18 19:28:32,968 INFO o.a.j.t.JMeterThread: Thread finished: API 1-145
2025-11-18 19:28:33,043 INFO o.a.j.t.JMeterThread: Thread started: API 1-146
2025-11-18 19:28:33,053 INFO o.a.j.t.JMeterThread: Thread is done: API 1-146
2025-11-18 19:28:33,053 INFO o.a.j.t.JMeterThread: Thread finished: API 1-146
2025-11-18 19:28:33,142 INFO o.a.j.t.JMeterThread: Thread started: API 1-147
2025-11-18 19:28:33,150 INFO o.a.j.t.JMeterThread: Thread is done: API 1-147
2025-11-18 19:28:33,150 INFO o.a.j.t.JMeterThread: Thread finished: API 1-147
2025-11-18 19:28:33,242 INFO o.a.j.t.JMeterThread: Thread started: API 1-148
2025-11-18 19:28:33,250 INFO o.a.j.t.JMeterThread: Thread is done: API 1-148
2025-11-18 19:28:33,250 INFO o.a.j.t.JMeterThread: Thread finished: API 1-148
2025-11-18 19:28:33,340 INFO o.a.j.t.JMeterThread: Thread started: API 1-149
2025-11-18 19:28:33,347 INFO o.a.j.t.JMeterThread: Thread is done: API 1-149
2025-11-18 19:28:33,347 INFO o.a.j.t.JMeterThread: Thread finished: API 1-149
2025-11-18 19:28:33,440 INFO o.a.j.t.JMeterThread: Thread started: API 1-150
2025-11-18 19:28:33,447 INFO o.a.j.t.JMeterThread: Thread is done: API 1-150
2025-11-18 19:28:33,447 INFO o.a.j.t.JMeterThread: Thread finished: API 1-150
2025-11-18 19:28:33,542 INFO o.a.j.t.JMeterThread: Thread started: API 1-151
2025-11-18 19:28:33,560 INFO o.a.j.t.JMeterThread: Thread is done: API 1-151
2025-11-18 19:28:33,560 INFO o.a.j.t.JMeterThread: Thread finished: API 1-151
2025-11-18 19:28:33,641 INFO o.a.j.t.JMeterThread: Thread started: API 1-152
2025-11-18 19:28:33,657 INFO o.a.j.t.JMeterThread: Thread is done: API 1-152
2025-11-18 19:28:33,657 INFO o.a.j.t.JMeterThread: Thread finished: API 1-152
2025-11-18 19:28:33,742 INFO o.a.j.t.JMeterThread: Thread started: API 1-153
2025-11-18 19:28:33,756 INFO o.a.j.t.JMeterThread: Thread is done: API 1-153
2025-11-18 19:28:33,756 INFO o.a.j.t.JMeterThread: Thread finished: API 1-153
2025-11-18 19:28:33,841 INFO o.a.j.t.JMeterThread: Thread started: API 1-154
2025-11-18 19:28:33,858 INFO o.a.j.t.JMeterThread: Thread is done: API 1-154
2025-11-18 19:28:33,858 INFO o.a.j.t.JMeterThread: Thread finished: API 1-154
2025-11-18 19:28:33,942 INFO o.a.j.t.JMeterThread: Thread started: API 1-155
2025-11-18 19:28:33,956 INFO o.a.j.t.JMeterThread: Thread is done: API 1-155
2025-11-18 19:28:33,956 INFO o.a.j.t.JMeterThread: Thread finished: API 1-155
2025-11-18 19:28:34,041 INFO o.a.j.t.JMeterThread: Thread started: API 1-156
2025-11-18 19:28:34,058 INFO o.a.j.t.JMeterThread: Thread is done: API 1-156
2025-11-18 19:28:34,058 INFO o.a.j.t.JMeterThread: Thread finished: API 1-156
2025-11-18 19:28:34,142 INFO o.a.j.t.JMeterThread: Thread started: API 1-157
2025-11-18 19:28:34,154 INFO o.a.j.t.JMeterThread: Thread is done: API 1-157
2025-11-18 19:28:34,154 INFO o.a.j.t.JMeterThread: Thread finished: API 1-157
2025-11-18 19:28:34,242 INFO o.a.j.t.JMeterThread: Thread started: API 1-158
2025-11-18 19:28:34,256 INFO o.a.j.t.JMeterThread: Thread is done: API 1-158
2025-11-18 19:28:34,256 INFO o.a.j.t.JMeterThread: Thread finished: API 1-158
2025-11-18 19:28:34,340 INFO o.a.j.t.JMeterThread: Thread started: API 1-159
2025-11-18 19:28:34,356 INFO o.a.j.t.JMeterThread: Thread is done: API 1-159
2025-11-18 19:28:34,356 INFO o.a.j.t.JMeterThread: Thread finished: API 1-159
2025-11-18 19:28:34,442 INFO o.a.j.t.JMeterThread: Thread started: API 1-160
2025-11-18 19:28:34,458 INFO o.a.j.t.JMeterThread: Thread is done: API 1-160
2025-11-18 19:28:34,458 INFO o.a.j.t.JMeterThread: Thread finished: API 1-160
2025-11-18 19:28:34,543 INFO o.a.j.t.JMeterThread: Thread started: API 1-161
2025-11-18 19:28:34,560 INFO o.a.j.t.JMeterThread: Thread is done: API 1-161
2025-11-18 19:28:34,560 INFO o.a.j.t.JMeterThread: Thread finished: API 1-161
2025-11-18 19:28:34,643 INFO o.a.j.t.JMeterThread: Thread started: API 1-162
2025-11-18 19:28:34,658 INFO o.a.j.t.JMeterThread: Thread is done: API 1-162
2025-11-18 19:28:34,658 INFO o.a.j.t.JMeterThread: Thread finished: API 1-162
2025-11-18 19:28:34,742 INFO o.a.j.t.JMeterThread: Thread started: API 1-163
2025-11-18 19:28:34,758 INFO o.a.j.t.JMeterThread: Thread is done: API 1-163
2025-11-18 19:28:34,758 INFO o.a.j.t.JMeterThread: Thread finished: API 1-163
2025-11-18 19:28:34,842 INFO o.a.j.t.JMeterThread: Thread started: API 1-164
2025-11-18 19:28:34,848 INFO o.a.j.t.JMeterThread: Thread is done: API 1-164
2025-11-18 19:28:34,848 INFO o.a.j.t.JMeterThread: Thread finished: API 1-164
2025-11-18 19:28:34,943 INFO o.a.j.t.JMeterThread: Thread started: API 1-165
2025-11-18 19:28:34,959 INFO o.a.j.t.JMeterThread: Thread is done: API 1-165
2025-11-18 19:28:34,959 INFO o.a.j.t.JMeterThread: Thread finished: API 1-165
2025-11-18 19:28:35,041 INFO o.a.j.t.JMeterThread: Thread started: API 1-166
2025-11-18 19:28:35,056 INFO o.a.j.t.JMeterThread: Thread is done: API 1-166
2025-11-18 19:28:35,056 INFO o.a.j.t.JMeterThread: Thread finished: API 1-166
2025-11-18 19:28:35,141 INFO o.a.j.t.JMeterThread: Thread started: API 1-167
2025-11-18 19:28:35,158 INFO o.a.j.t.JMeterThread: Thread is done: API 1-167
2025-11-18 19:28:35,158 INFO o.a.j.t.JMeterThread: Thread finished: API 1-167
2025-11-18 19:28:35,242 INFO o.a.j.t.JMeterThread: Thread started: API 1-168
2025-11-18 19:28:35,257 INFO o.a.j.t.JMeterThread: Thread is done: API 1-168
2025-11-18 19:28:35,257 INFO o.a.j.t.JMeterThread: Thread finished: API 1-168
2025-11-18 19:28:35,341 INFO o.a.j.t.JMeterThread: Thread started: API 1-169
2025-11-18 19:28:35,355 INFO o.a.j.t.JMeterThread: Thread is done: API 1-169
2025-11-18 19:28:35,356 INFO o.a.j.t.JMeterThread: Thread finished: API 1-169
2025-11-18 19:28:35,443 INFO o.a.j.t.JMeterThread: Thread started: API 1-170
2025-11-18 19:28:35,457 INFO o.a.j.t.JMeterThread: Thread is done: API 1-170
2025-11-18 19:28:35,457 INFO o.a.j.t.JMeterThread: Thread finished: API 1-170
2025-11-18 19:28:35,541 INFO o.a.j.t.JMeterThread: Thread started: API 1-171
2025-11-18 19:28:35,561 INFO o.a.j.t.JMeterThread: Thread is done: API 1-171
2025-11-18 19:28:35,561 INFO o.a.j.t.JMeterThread: Thread finished: API 1-171
2025-11-18 19:28:35,641 INFO o.a.j.t.JMeterThread: Thread started: API 1-172
2025-11-18 19:28:35,659 INFO o.a.j.t.JMeterThread: Thread is done: API 1-172
2025-11-18 19:28:35,659 INFO o.a.j.t.JMeterThread: Thread finished: API 1-172
2025-11-18 19:28:35,742 INFO o.a.j.t.JMeterThread: Thread started: API 1-173
2025-11-18 19:28:35,750 INFO o.a.j.t.JMeterThread: Thread is done: API 1-173
2025-11-18 19:28:35,750 INFO o.a.j.t.JMeterThread: Thread finished: API 1-173
2025-11-18 19:28:35,842 INFO o.a.j.t.JMeterThread: Thread started: API 1-174
2025-11-18 19:28:35,850 INFO o.a.j.t.JMeterThread: Thread is done: API 1-174
2025-11-18 19:28:35,850 INFO o.a.j.t.JMeterThread: Thread finished: API 1-174
2025-11-18 19:28:35,942 INFO o.a.j.t.JMeterThread: Thread started: API 1-175
2025-11-18 19:28:35,957 INFO o.a.j.t.JMeterThread: Thread is done: API 1-175
2025-11-18 19:28:35,957 INFO o.a.j.t.JMeterThread: Thread finished: API 1-175
2025-11-18 19:28:36,040 INFO o.a.j.t.JMeterThread: Thread started: API 1-176
2025-11-18 19:28:36,055 INFO o.a.j.t.JMeterThread: Thread is done: API 1-176
2025-11-18 19:28:36,055 INFO o.a.j.t.JMeterThread: Thread finished: API 1-176
2025-11-18 19:28:36,141 INFO o.a.j.t.JMeterThread: Thread started: API 1-177
2025-11-18 19:28:36,156 INFO o.a.j.t.JMeterThread: Thread is done: API 1-177
2025-11-18 19:28:36,156 INFO o.a.j.t.JMeterThread: Thread finished: API 1-177
2025-11-18 19:28:36,241 INFO o.a.j.t.JMeterThread: Thread started: API 1-178
2025-11-18 19:28:36,253 INFO o.a.j.t.JMeterThread: Thread is done: API 1-178
2025-11-18 19:28:36,253 INFO o.a.j.t.JMeterThread: Thread finished: API 1-178
2025-11-18 19:28:36,341 INFO o.a.j.t.JMeterThread: Thread started: API 1-179
2025-11-18 19:28:36,357 INFO o.a.j.t.JMeterThread: Thread is done: API 1-179
2025-11-18 19:28:36,357 INFO o.a.j.t.JMeterThread: Thread finished: API 1-179
2025-11-18 19:28:36,441 INFO o.a.j.t.JMeterThread: Thread started: API 1-180
2025-11-18 19:28:36,457 INFO o.a.j.t.JMeterThread: Thread is done: API 1-180
2025-11-18 19:28:36,457 INFO o.a.j.t.JMeterThread: Thread finished: API 1-180
2025-11-18 19:28:36,541 INFO o.a.j.t.JMeterThread: Thread started: API 1-181
2025-11-18 19:28:36,555 INFO o.a.j.t.JMeterThread: Thread is done: API 1-181
2025-11-18 19:28:36,555 INFO o.a.j.t.JMeterThread: Thread finished: API 1-181
2025-11-18 19:28:36,642 INFO o.a.j.t.JMeterThread: Thread started: API 1-182
2025-11-18 19:28:36,658 INFO o.a.j.t.JMeterThread: Thread is done: API 1-182
2025-11-18 19:28:36,658 INFO o.a.j.t.JMeterThread: Thread finished: API 1-182
2025-11-18 19:28:36,742 INFO o.a.j.t.JMeterThread: Thread started: API 1-183
2025-11-18 19:28:36,766 INFO o.a.j.t.JMeterThread: Thread is done: API 1-183
2025-11-18 19:28:36,767 INFO o.a.j.t.JMeterThread: Thread finished: API 1-183
2025-11-18 19:28:36,840 INFO o.a.j.t.JMeterThread: Thread started: API 1-184
2025-11-18 19:28:36,856 INFO o.a.j.t.JMeterThread: Thread is done: API 1-184
2025-11-18 19:28:36,857 INFO o.a.j.t.JMeterThread: Thread finished: API 1-184
2025-11-18 19:28:36,941 INFO o.a.j.t.JMeterThread: Thread started: API 1-185
2025-11-18 19:28:36,956 INFO o.a.j.t.JMeterThread: Thread is done: API 1-185
2025-11-18 19:28:36,956 INFO o.a.j.t.JMeterThread: Thread finished: API 1-185
2025-11-18 19:28:37,041 INFO o.a.j.t.JMeterThread: Thread started: API 1-186
2025-11-18 19:28:37,056 INFO o.a.j.t.JMeterThread: Thread is done: API 1-186
2025-11-18 19:28:37,056 INFO o.a.j.t.JMeterThread: Thread finished: API 1-186
2025-11-18 19:28:37,142 INFO o.a.j.t.JMeterThread: Thread started: API 1-187
2025-11-18 19:28:37,151 INFO o.a.j.t.JMeterThread: Thread is done: API 1-187
2025-11-18 19:28:37,151 INFO o.a.j.t.JMeterThread: Thread finished: API 1-187
2025-11-18 19:28:37,241 INFO o.a.j.t.JMeterThread: Thread started: API 1-188
2025-11-18 19:28:37,252 INFO o.a.j.t.JMeterThread: Thread is done: API 1-188
2025-11-18 19:28:37,252 INFO o.a.j.t.JMeterThread: Thread finished: API 1-188
2025-11-18 19:28:37,340 INFO o.a.j.t.JMeterThread: Thread started: API 1-189
2025-11-18 19:28:37,353 INFO o.a.j.t.JMeterThread: Thread is done: API 1-189
2025-11-18 19:28:37,354 INFO o.a.j.t.JMeterThread: Thread finished: API 1-189
2025-11-18 19:28:37,441 INFO o.a.j.t.JMeterThread: Thread started: API 1-190
2025-11-18 19:28:37,455 INFO o.a.j.t.JMeterThread: Thread is done: API 1-190
2025-11-18 19:28:37,455 INFO o.a.j.t.JMeterThread: Thread finished: API 1-190
2025-11-18 19:28:37,541 INFO o.a.j.t.JMeterThread: Thread started: API 1-191
2025-11-18 19:28:37,560 INFO o.a.j.t.JMeterThread: Thread is done: API 1-191
2025-11-18 19:28:37,560 INFO o.a.j.t.JMeterThread: Thread finished: API 1-191
2025-11-18 19:28:37,640 INFO o.a.j.t.JMeterThread: Thread started: API 1-192
2025-11-18 19:28:37,655 INFO o.a.j.t.JMeterThread: Thread is done: API 1-192
2025-11-18 19:28:37,655 INFO o.a.j.t.JMeterThread: Thread finished: API 1-192
2025-11-18 19:28:37,741 INFO o.a.j.t.JMeterThread: Thread started: API 1-193
2025-11-18 19:28:37,755 INFO o.a.j.t.JMeterThread: Thread is done: API 1-193
2025-11-18 19:28:37,755 INFO o.a.j.t.JMeterThread: Thread finished: API 1-193
2025-11-18 19:28:37,841 INFO o.a.j.t.JMeterThread: Thread started: API 1-194
2025-11-18 19:28:37,859 INFO o.a.j.t.JMeterThread: Thread is done: API 1-194
2025-11-18 19:28:37,859 INFO o.a.j.t.JMeterThread: Thread finished: API 1-194
2025-11-18 19:28:37,940 INFO o.a.j.t.JMeterThread: Thread started: API 1-195
2025-11-18 19:28:37,952 INFO o.a.j.t.JMeterThread: Thread is done: API 1-195
2025-11-18 19:28:37,952 INFO o.a.j.t.JMeterThread: Thread finished: API 1-195
2025-11-18 19:28:38,041 INFO o.a.j.t.JMeterThread: Thread started: API 1-196
2025-11-18 19:28:38,053 INFO o.a.j.t.JMeterThread: Thread is done: API 1-196
2025-11-18 19:28:38,053 INFO o.a.j.t.JMeterThread: Thread finished: API 1-196
2025-11-18 19:28:38,140 INFO o.a.j.t.JMeterThread: Thread started: API 1-197
2025-11-18 19:28:38,154 INFO o.a.j.t.JMeterThread: Thread is done: API 1-197
2025-11-18 19:28:38,154 INFO o.a.j.t.JMeterThread: Thread finished: API 1-197
2025-11-18 19:28:38,241 INFO o.a.j.t.JMeterThread: Thread started: API 1-198
2025-11-18 19:28:38,256 INFO o.a.j.t.JMeterThread: Thread is done: API 1-198
2025-11-18 19:28:38,256 INFO o.a.j.t.JMeterThread: Thread finished: API 1-198
2025-11-18 19:28:38,342 INFO o.a.j.t.JMeterThread: Thread started: API 1-199
2025-11-18 19:28:38,351 INFO o.a.j.t.JMeterThread: Thread is done: API 1-199
2025-11-18 19:28:38,351 INFO o.a.j.t.JMeterThread: Thread finished: API 1-199
2025-11-18 19:28:38,441 INFO o.a.j.t.JMeterThread: Thread started: API 1-200
2025-11-18 19:28:38,449 INFO o.a.j.t.JMeterThread: Thread is done: API 1-200
2025-11-18 19:28:38,449 INFO o.a.j.t.JMeterThread: Thread finished: API 1-200
2025-11-18 19:28:38,449 INFO o.a.j.e.StandardJMeterEngine: Notifying test listeners of end of test
2025-11-18 19:28:38,451 INFO o.a.j.r.Summariser: summary +     84 in 00:00:08 =   10.0/s Avg:    11 Min:     6 Max:    24 Err:     0 (0.00%) Active: 0 Started: 200 Finished: 200
2025-11-18 19:28:38,451 INFO o.a.j.r.Summariser: summary =    200 in 00:00:20 =   10.0/s Avg:    12 Min:     5 Max:   111 Err:     0 (0.00%)
2025-11-18 19:28:38,452 INFO o.a.j.JMeter: Generating Dashboard
2025-11-18 19:28:38,452 INFO o.a.j.r.d.ReportGenerator: Flushing result collector before report Generation
2025-11-18 19:28:38,463 INFO o.a.j.r.p.NormalizerSampleConsumer: Using format, 'ms', to parse timeStamp field
2025-11-18 19:28:38,560 INFO o.a.j.r.p.AbstractSampleConsumer: class org.apache.jmeter.report.processor.AggregateConsumer#stopProducing(): beginDate produced 0 samples
2025-11-18 19:28:38,560 INFO o.a.j.r.p.AbstractSampleConsumer: class org.apache.jmeter.report.processor.AggregateConsumer#stopProducing(): endDate produced 0 samples
2025-11-18 19:28:38,567 INFO o.a.j.r.p.AbstractSampleConsumer: class org.apache.jmeter.report.processor.ApdexSummaryConsumer#stopProducing(): apdexSummary produced 0 samples
2025-11-18 19:28:38,567 INFO o.a.j.r.p.AbstractSampleConsumer: class org.apache.jmeter.report.processor.RequestsSummaryConsumer#stopProducing(): requestsSummary produced 0 samples
2025-11-18 19:28:38,571 INFO o.a.j.r.p.AbstractSampleConsumer: class org.apache.jmeter.report.processor.StatisticsSummaryConsumer#stopProducing(): statisticsSummary produced 0 samples
2025-11-18 19:28:38,574 INFO o.a.j.r.p.AbstractSampleConsumer: class org.apache.jmeter.report.processor.Top5ErrorsBySamplerConsumer#stopProducing(): top5ErrorsBySampler produced 0 samples
2025-11-18 19:28:38,574 INFO o.a.j.r.p.AbstractSampleConsumer: class org.apache.jmeter.report.processor.ErrorsSummaryConsumer#stopProducing(): errorsSummary produced 0 samples
2025-11-18 19:28:38,574 INFO o.a.j.r.p.AbstractSampleConsumer: class org.apache.jmeter.report.processor.graph.impl.HitsPerSecondGraphConsumer#stopProducing(): hitsPerSecond produced 0 samples
2025-11-18 19:28:38,590 INFO o.a.j.r.p.AbstractSampleConsumer: class org.apache.jmeter.report.processor.graph.impl.LatencyVSRequestGraphConsumer#stopProducing(): latencyVsRequest produced 0 samples
2025-11-18 19:28:38,590 INFO o.a.j.r.p.AbstractSampleConsumer: class org.apache.jmeter.report.processor.graph.impl.SyntheticResponseTimeDistributionGraphConsumer#stopProducing(): syntheticResponseTimeDistribution produced 0 samples
2025-11-18 19:28:38,591 INFO o.a.j.r.p.AbstractSampleConsumer: class org.apache.jmeter.report.processor.graph.impl.BytesThroughputGraphConsumer#stopProducing(): bytesThroughputOverTime produced 0 samples
2025-11-18 19:28:38,591 INFO o.a.j.r.p.AbstractSampleConsumer: class org.apache.jmeter.report.processor.graph.impl.CodesPerSecondGraphConsumer#stopProducing(): codesPerSecond produced 0 samples
2025-11-18 19:28:38,597 INFO o.a.j.r.p.AbstractSampleConsumer: class org.apache.jmeter.report.processor.graph.impl.ResponseTimeVSRequestGraphConsumer#stopProducing(): responseTimeVsRequest produced 0 samples
2025-11-18 19:28:38,597 INFO o.a.j.r.p.AbstractSampleConsumer: class org.apache.jmeter.report.processor.FilterConsumer#stopProducing(): startIntervalControlerFilter produced 1400 samples
2025-11-18 19:28:38,597 INFO o.a.j.r.p.AbstractSampleConsumer: class org.apache.jmeter.report.processor.graph.impl.TotalTPSGraphConsumer#stopProducing(): totalTPS produced 0 samples
2025-11-18 19:28:38,597 INFO o.a.j.r.p.AbstractSampleConsumer: class org.apache.jmeter.report.processor.graph.impl.ActiveThreadsGraphConsumer#stopProducing(): activeThreadsOverTime produced 0 samples
2025-11-18 19:28:38,597 INFO o.a.j.r.p.AbstractSampleConsumer: class org.apache.jmeter.report.processor.graph.impl.TimeVSThreadGraphConsumer#stopProducing(): timeVsThreads produced 0 samples
2025-11-18 19:28:38,597 INFO o.a.j.r.p.AbstractSampleConsumer: class org.apache.jmeter.report.processor.graph.impl.ResponseTimeDistributionGraphConsumer#stopProducing(): responseTimeDistribution produced 0 samples
2025-11-18 19:28:38,597 INFO o.a.j.r.p.AbstractSampleConsumer: class org.apache.jmeter.report.processor.graph.impl.TransactionsPerSecondGraphConsumer#stopProducing(): transactionsPerSecond produced 0 samples
2025-11-18 19:28:38,598 INFO o.a.j.r.p.AbstractSampleConsumer: class org.apache.jmeter.report.processor.graph.impl.ResponseTimePercentilesGraphConsumer#stopProducing(): responseTimePercentiles produced 0 samples
2025-11-18 19:28:38,598 INFO o.a.j.r.p.AbstractSampleConsumer: class org.apache.jmeter.report.processor.graph.impl.ResponseTimePercentilesOverTimeGraphConsumer#stopProducing(): responseTimePercentilesOverTime produced 0 samples
2025-11-18 19:28:38,599 INFO o.a.j.r.p.AbstractSampleConsumer: class org.apache.jmeter.report.processor.graph.impl.ResponseTimeOverTimeGraphConsumer#stopProducing(): responseTimesOverTime produced 0 samples
2025-11-18 19:28:38,599 INFO o.a.j.r.p.AbstractSampleConsumer: class org.apache.jmeter.report.processor.graph.impl.ConnectTimeOverTimeGraphConsumer#stopProducing(): connectTimeOverTime produced 0 samples
2025-11-18 19:28:38,599 INFO o.a.j.r.p.AbstractSampleConsumer: class org.apache.jmeter.report.processor.graph.impl.LatencyOverTimeGraphConsumer#stopProducing(): latenciesOverTime produced 0 samples
2025-11-18 19:28:38,599 INFO o.a.j.r.p.AbstractSampleConsumer: class org.apache.jmeter.report.processor.FilterConsumer#stopProducing(): nameFilter produced 3000 samples
2025-11-18 19:28:38,599 INFO o.a.j.r.p.AbstractSampleConsumer: class org.apache.jmeter.report.processor.FilterConsumer#stopProducing(): dateRangeFilter produced 600 samples
2025-11-18 19:28:38,599 INFO o.a.j.r.p.AbstractSampleConsumer: class org.apache.jmeter.report.processor.NormalizerSampleConsumer#stopProducing(): normalizer produced 200 samples
2025-11-18 19:28:38,599 INFO o.a.j.r.p.CsvFileSampleSource: produce(): 200 samples produced in 109ms on channel 0
2025-11-18 19:28:38,600 INFO o.a.j.r.d.ReportGenerator: Exporting data using exporter:'json' of className:'org.apache.jmeter.report.dashboard.JsonExporter'
2025-11-18 19:28:38,685 INFO o.a.j.r.d.JsonExporter: Found data for consumer statisticsSummaryin context
2025-11-18 19:28:38,685 INFO o.a.j.r.d.JsonExporter: Creating statistics for overall
2025-11-18 19:28:38,686 INFO o.a.j.r.d.JsonExporter: Creating statistics for other transactions
2025-11-18 19:28:38,686 INFO o.a.j.r.d.JsonExporter: Checking output folder
2025-11-18 19:28:38,687 INFO o.a.j.r.d.JsonExporter: Writing statistics JSON to C:\Users\Administrador\Documents\teste-software-univas\backend\tests\jmeter\reports\smoke\statistics.json
2025-11-18 19:28:38,730 INFO o.a.j.r.d.ReportGenerator: Exporting data using exporter:'html' of className:'org.apache.jmeter.report.dashboard.HtmlTemplateExporter'
2025-11-18 19:28:38,732 INFO o.a.j.r.d.HtmlTemplateExporter: Will generate dashboard in folder: C:\Users\Administrador\Documents\teste-software-univas\backend\tests\jmeter\reports\smoke
2025-11-18 19:28:38,817 INFO o.a.j.r.d.HtmlTemplateExporter: Report will be generated in: C:\Users\Administrador\Documents\teste-software-univas\backend\tests\jmeter\reports\smoke, creating folder structure
2025-11-18 19:28:38,819 INFO o.a.j.r.d.TemplateVisitor: Copying folder from 'C:\Tools\apache-jmeter-5.6.3\bin\report-template' to 'C:\Users\Administrador\Documents\teste-software-univas\backend\tests\jmeter\reports\smoke', got message: C:\Users\Administrador\Documents\teste-software-univas\backend\tests\jmeter\reports\smoke, found non empty folder with following content [C:\Users\Administrador\Documents\teste-software-univas\backend\tests\jmeter\reports\smoke\statistics.json], will be ignored
2025-11-18 19:28:39,253 INFO o.a.j.JMeter: Dashboard generated
